<?xml version="1.0" encoding="UTF-8" ?>
<testsuite tests="26" failures="0" name="com.testing.app.TestRunner" time="3.074" errors="0" skipped="0">
  <properties>
[...]
</properties>
  <testcase classname="Scenario: Customer should be able to see register page through funnel even without choosing styles, brand and customer just want to test service" name="Given Go to Homepage" time="0.003"/>
  <testcase classname="Scenario: Customer should be able to see register page through funnel even without choosing styles, brand and customer just want to test service" name="Then Verify Homepage" time="0"/>
  <testcase classname="Scenario: Customer should be able to see register page through funnel even without choosing styles, brand and customer just want to test service" name="When Click on Lets Go button" time="0"/>
  <testcase classname="Scenario: Customer should be able to see register page through funnel even without choosing styles, brand and customer just want to test service" name="Then Verify SetupProfile Page Headline &quot;What do you like to wear in your free time?&quot;" time="0"/>
  <testcase classname="Scenario: Customer should be able to see register page through funnel even without choosing styles, brand and customer just want to test service" name="When Click option &quot;dont like any private style&quot;" time="0"/>
  <testcase classname="Scenario: Customer should be able to see register page through funnel even without choosing styles, brand and customer just want to test service" name="And Click on Continue button" time="0"/>
  <testcase classname="Scenario: Customer should be able to see register page through funnel even without choosing styles, brand and customer just want to test service" name="Then Verify SetupProfile Page Headline &quot;What do you wear to work?&quot;" time="0"/>
  <testcase classname="Scenario: Customer should be able to see register page through funnel even without choosing styles, brand and customer just want to test service" name="When Click option &quot;dont like any work style&quot;" time="0"/>
  <testcase classname="Scenario: Customer should be able to see register page through funnel even without choosing styles, brand and customer just want to test service" name="And Click on Continue button" time="0"/>
  <testcase classname="Scenario: Customer should be able to see register page through funnel even without choosing styles, brand and customer just want to test service" name="Then Verify SetupProfile Page Headline &quot;Which shoes would you wear?&quot;" time="0"/>
  <testcase classname="Scenario: Customer should be able to see register page through funnel even without choosing styles, brand and customer just want to test service" name="When Click option &quot;dont like any shoe style&quot;" time="0"/>
  <testcase classname="Scenario: Customer should be able to see register page through funnel even without choosing styles, brand and customer just want to test service" name="And Click on Continue button" time="0"/>
  <testcase classname="Scenario: Customer should be able to see register page through funnel even without choosing styles, brand and customer just want to test service" name="Then Verify SetupProfile Page Headline &quot;What would you NEVER wear?&quot;" time="0.001"/>
  <testcase classname="Scenario: Customer should be able to see register page through funnel even without choosing styles, brand and customer just want to test service" name="When Mark all options none" time="0"/>
  <testcase classname="Scenario: Customer should be able to see register page through funnel even without choosing styles, brand and customer just want to test service" name="And Click on Continue button" time="0"/>
  <testcase classname="Scenario: Customer should be able to see register page through funnel even without choosing styles, brand and customer just want to test service" name="Then Verify SetupProfile Page Headline &quot;Which brands do you like?&quot;" time="0"/>
  <testcase classname="Scenario: Customer should be able to see register page through funnel even without choosing styles, brand and customer just want to test service" name="When Write Brand Name &quot;DanisBRAND&quot;" time="0"/>
  <testcase classname="Scenario: Customer should be able to see register page through funnel even without choosing styles, brand and customer just want to test service" name="And Click on Continue button" time="0"/>
  <testcase classname="Scenario: Customer should be able to see register page through funnel even without choosing styles, brand and customer just want to test service" name="And Verify SetupProfile Page Headline &quot;How old do you feel?&quot;" time="0.001"/>
  <testcase classname="Scenario: Customer should be able to see register page through funnel even without choosing styles, brand and customer just want to test service" name="When Click option &quot;55+&quot;" time="0"/>
  <testcase classname="Scenario: Customer should be able to see register page through funnel even without choosing styles, brand and customer just want to test service" name="And Click on Continue button" time="0"/>
  <testcase classname="Scenario: Customer should be able to see register page through funnel even without choosing styles, brand and customer just want to test service" name="And Verify SetupProfile Page Headline &quot;What&apos;s motivating you to try out our service?&quot;" time="0"/>
  <testcase classname="Scenario: Customer should be able to see register page through funnel even without choosing styles, brand and customer just want to test service" name="When Click option &quot;testing the service&quot;" time="0"/>
  <testcase classname="Scenario: Customer should be able to see register page through funnel even without choosing styles, brand and customer just want to test service" name="And Click on Continue button" time="0"/>
  <testcase classname="Scenario: Customer should be able to see register page through funnel even without choosing styles, brand and customer just want to test service" name="Then Verify Registration Page Headline &quot;Perfect! Now your stylist knows what you like.&quot;" time="0"/>
  <testcase classname="Scenario: Customer should be able to see register page through funnel even without choosing styles, brand and customer just want to test service" name="Scenario: Customer should be able to see register page through funnel even without choosing styles, brand and customer just want to test service" time="3.069"/>
</testsuite>